"../../../Engine/Content/Functions/Engine_MaterialFunctions01/Opacity/CameraDepthFade.uasset" 0
"../../../Engine/Content/EngineMaterials/T_Default_Material_Grid_M.uasset" 1
"../../../Engine/Content/EngineMaterials/T_Default_Material_Grid_N.uasset" 2
"../../../Engine/Content/EngineMaterials/DefaultMaterial.uasset" 3
"../../../Engine/Content/BasicShapes/Cone.uasset" 4
"../../../Engine/Content/BasicShapes/Cylinder.uasset" 5
"../../../Engine/Content/EngineMaterials/WorldGridMaterial.uasset" 6
"../../../Engine/Content/BasicShapes/Plane.uasset" 7
"../../../Engine/Content/BasicShapes/Sphere.uasset" 8
"../../../Engine/Content/EditorLandscapeResources/DataLayer.uasset" 9
"../../../Engine/Content/EditorMaterials/GizmoMaterial.uasset" 10
"../../../Engine/Content/EditorMaterials/MAT_Groups_Toggle.uasset" 11
"../../../Engine/Content/EditorMaterials/MAT_Groups_Visibility.uasset" 12
"../../../Engine/Content/EditorMaterials/PreviewShadowIndicator.uasset" 13
"../../../Engine/Content/EditorMaterials/PreviewShadowIndicatorMaterial.uasset" 14
"../../../Engine/Content/EditorMaterials/MatineeGroups/MAT_ColorTrack.uasset" 15
"../../../Engine/Content/EditorMaterials/MatineeGroups/MAT_Groups_Anim.uasset" 16
"../../../Engine/Content/EditorMaterials/MatineeGroups/MAT_Groups_AudioMaster.uasset" 17
"../../../Engine/Content/EditorMaterials/MatineeGroups/MAT_Groups_Director.uasset" 18
"../../../Engine/Content/EditorMaterials/MatineeGroups/MAT_Groups_Event.uasset" 19
"../../../Engine/Content/EditorMaterials/MatineeGroups/MAT_Groups_Fade.uasset" 20
"../../../Engine/Content/EditorMaterials/MatineeGroups/MAT_Groups_Float.uasset" 21
"../../../Engine/Content/EditorMaterials/MatineeGroups/MAT_Groups_Move.uasset" 22
"../../../Engine/Content/EditorMaterials/MatineeGroups/MAT_Groups_Slomo.uasset" 23
"../../../Engine/Content/EditorMaterials/MatineeGroups/MAT_Groups_Sound.uasset" 24
"../../../Engine/Content/EditorMaterials/MatineeGroups/MAT_Groups_Vector.uasset" 25
"../../../Engine/Content/EditorMaterials/ParticleSystems/PSysThumbnail_NoImage.uasset" 26
"../../../Engine/Content/EditorMaterials/ParticleSystems/PSysThumbnail_OOD.uasset" 27
"../../../Engine/Content/EditorMaterials/Camera/CineMat.uasset" 28
"../../../Engine/Content/EditorMaterials/Camera/MI_CineMat_Rig.uasset" 29
"../../../Engine/Content/EditorMeshes/Camera/SM_CraneRig_Arm.uasset" 30
"../../../Engine/Content/EditorMeshes/Camera/SM_CraneRig_Base.uasset" 31
"../../../Engine/Content/EditorMeshes/Camera/SM_CraneRig_Body.uasset" 32
"../../../Engine/Content/EditorMeshes/Camera/SM_CraneRig_Mount.uasset" 33
"../../../Engine/Content/EditorMeshes/Camera/SM_RailRig_Mount.uasset" 34
"../../../Engine/Content/EditorMeshes/Camera/SM_RailRig_Track.uasset" 35
"../../../Engine/Content/EditorMeshes/ColorCalibrator/M_ChromeBall.uasset" 36
"../../../Engine/Content/EditorMeshes/ColorCalibrator/M_ClearCoat.uasset" 37
"../../../Engine/Content/EditorMeshes/ColorCalibrator/M_ClearCoatBlack.uasset" 38
"../../../Engine/Content/EditorMeshes/ColorCalibrator/Color_checker.uasset" 39
"../../../Engine/Content/EditorMeshes/ColorCalibrator/M_ColorGrid.uasset" 40
"../../../Engine/Content/EditorMeshes/ColorCalibrator/M_GreyBall.uasset" 41
"../../../Engine/Content/EditorMeshes/ColorCalibrator/SM_ColorCalibrator.uasset" 42
"../../../Engine/Content/EditorResources/BSPVertex.uasset" 43
"../../../Engine/Content/EditorResources/EmptyActor.uasset" 44
"../../../Engine/Content/EditorResources/S_Actor.uasset" 45
"../../../Engine/Content/EditorResources/S_Trigger.uasset" 46
"../../../Engine/Content/EditorResources/SequenceRecorder/Countdown.uasset" 47
"../../../Engine/Content/EditorResources/SequenceRecorder/RecordingIndicator.uasset" 48
"../../../Engine/Content/EditorSounds/Notifications/CompileFailed.uasset" 49
"../../../Engine/Content/EditorSounds/Notifications/CompileFailed_Cue.uasset" 50
"../../../Engine/Content/EditorSounds/Notifications/CompileSuccess.uasset" 51
"../../../Engine/Content/EditorSounds/Notifications/CompileStart_Cue.uasset" 52
"../../../Engine/Content/EditorSounds/Notifications/CompileSuccess_Cue.uasset" 53
"../../../Engine/Content/EngineDamageTypes/DmgTypeBP_Environmental.uasset" 54
"../../../Engine/Content/EngineDebugMaterials/HeatmapGradient.uasset" 55
"../../../Engine/Content/EngineDebugMaterials/BoneWeightMaterial.uasset" 56
"../../../Engine/Content/EngineDebugMaterials/ClothMaterial.uasset" 57
"../../../Engine/Content/EngineDebugMaterials/ClothMaterial_WF.uasset" 58
"../../../Engine/Content/EngineDebugMaterials/DebugEditorMaterial.uasset" 59
"../../../Engine/Content/EngineDebugMaterials/DebugMeshMaterial.uasset" 60
"../../../Engine/Content/EngineDebugMaterials/GeomMaterial.uasset" 61
"../../../Engine/Content/EngineFonts/Faces/RobotoBold.uasset" 62
"../../../Engine/Content/EngineFonts/Faces/RobotoBoldItalic.uasset" 63
"../../../Engine/Content/EngineFonts/Faces/RobotoItalic.uasset" 64
"../../../Engine/Content/EngineFonts/Faces/RobotoLight.uasset" 65
"../../../Engine/Content/EngineFonts/Faces/RobotoRegular.uasset" 66
"../../../Engine/Content/EngineFonts/Roboto.uasset" 67
"../../../Engine/Content/EngineFonts/Faces/RobotoTiny.uasset" 68
"../../../Engine/Content/EngineFonts/RobotoTiny.uasset" 69
"../../../Engine/Content/EngineMaterials/DefaultBloomKernel.uasset" 70
"../../../Engine/Content/EngineMaterials/DefaultBokeh.uasset" 71
"../../../Engine/Content/EngineMaterials/DefaultDiffuse.uasset" 72
"../../../Engine/Content/EngineMaterials/DefaultDeferredDecalMaterial.uasset" 73
"../../../Engine/Content/EngineMaterials/DefaultLightFunctionMaterial.uasset" 74
"../../../Engine/Content/EngineMaterials/DefaultPhysicalMaterial.uasset" 75
"../../../Engine/Content/Functions/Engine_MaterialFunctions02/Utility/BreakOutFloat2Components.uasset" 76
"../../../Engine/Content/EngineMaterials/DefaultPostProcessMaterial.uasset" 77
"../../../Engine/Content/EngineFonts/RobotoDistanceField.uasset" 78
"../../../Engine/Content/EngineMaterials/DefaultTextMaterialOpaque.uasset" 79
"../../../Engine/Content/EngineMaterials/DefaultWhiteGrid.uasset" 80
"../../../Engine/Content/EngineMaterials/EditorBrushMaterial.uasset" 81
"../../../Engine/Content/EngineMaterials/Good64x64TilingNoiseHighFreq.uasset" 82
"../../../Engine/Content/EngineMaterials/MiniFont.uasset" 83
"../../../Engine/Content/EngineMaterials/InvalidLightmapSettings.uasset" 84
"../../../Engine/Content/EngineMaterials/M_InvalidLightmapSettings.uasset" 85
"../../../Engine/Content/Functions/Engine_MaterialFunctions02/WorldPositionOffset/CameraOffset.uasset" 86
"../../../Engine/Content/EngineMaterials/PhAT_JointLimitMaterial.uasset" 87
"../../../Engine/Content/EngineMaterials/PreintegratedSkinBRDF.uasset" 88
"../../../Engine/Content/EngineMaterials/RemoveSurfaceMaterial.uasset" 89
"../../../Engine/Content/EngineMaterials/WeightMapPlaceholderTexture.uasset" 90
"../../../Engine/Content/EngineResources/WhiteSquareTexture.uasset" 91
"../../../Engine/Content/EngineMaterials/Widget3DPassThrough.uasset" 92
"../../../Engine/Content/EngineMaterials/Widget3DPassThrough_Masked.uasset" 93
"../../../Engine/Content/EngineMaterials/Widget3DPassThrough_Opaque.uasset" 94
"../../../Engine/Content/EngineMaterials/Widget3DPassThrough_Masked_OneSided.uasset" 95
"../../../Engine/Content/EngineMaterials/Widget3DPassThrough_Opaque_OneSided.uasset" 96
"../../../Engine/Content/EngineMaterials/Widget3DPassThrough_Translucent.uasset" 97
"../../../Engine/Content/EngineMaterials/Widget3DPassThrough_Translucent_OneSided.uasset" 98
"../../../Engine/Content/EngineMeshes/Cylinder.uasset" 99
"../../../Engine/Content/EngineResources/Black.uasset" 100
"../../../Engine/Content/EngineResources/DefaultTexture.uasset" 101
"../../../Engine/Content/EngineResources/DefaultTextureCube.uasset" 102
"../../../Engine/Content/EngineResources/GradientTexture0.uasset" 103
"../../../Engine/Content/EngineSounds/Master.uasset" 104
"../../../Engine/Content/Functions/Engine_MaterialFunctions01/Shading/ConvertFromDiffSpec.uasset" 105
"../../../Engine/Content/Functions/Engine_MaterialFunctions01/Shading/PowerToRoughness.uasset" 106
"../../../Engine/Content/Maps/Templates/Thumbnails/Default.uasset" 107
"../../../Engine/Content/Maps/Templates/Thumbnails/VR-Basic.uasset" 108
"../../../Engine/Content/MobileResources/T_MobileControls_texture.uasset" 109
"../../../Engine/Content/MobileResources/T_MobileMenu2.uasset" 110
"../../../Engine/Content/MobileResources/HUD/AnalogHat.uasset" 111
"../../../Engine/Content/MobileResources/HUD/VirtualJoystick_Background.uasset" 112
"../../../Engine/Content/MobileResources/HUD/VirtualJoystick_Thumb.uasset" 113
"../../../Engine/Content/MobileResources/HUD/DefaultVirtualJoysticks.uasset" 114
"../../../Engine/Content/MobileResources/HUD/LeftVirtualJoystickOnly.uasset" 115
"../../../Engine/Content/MobileResources/HUD/MobileHUDButton1_off.uasset" 116
"../../../Engine/Content/MobileResources/HUD/MobileHUDButton1_on.uasset" 117
"../../../Engine/Content/MobileResources/HUD/MobileHUDButton2_off.uasset" 118
"../../../Engine/Content/MobileResources/HUD/MobileHUDButton2_on.uasset" 119
"../../../Engine/Content/MobileResources/HUD/MobileHUDButton3.uasset" 120
"../../../Engine/Content/MobileResources/HUD/MobileHUDButtonFire.uasset" 121
"../../../Engine/Content/MobileResources/HUD/MobileHUDDirectionPad.uasset" 122
"../../../Engine/Content/MobileResources/HUD/MobileHUDDirectionPad2.uasset" 123
"../../../Engine/Content/MobileResources/HUD/MobileHUDDirectionPad3.uasset" 124
"../../../Engine/Content/MobileResources/HUD/MobileHUDDirectionStick.uasset" 125
"../../../Engine/Content/MobileResources/HUD/T_Castle_ThumbstickInner.uasset" 126
"../../../Engine/Content/MobileResources/HUD/T_Castle_ThumbstickOutter.uasset" 127
"../../../Engine/Content/Tutorial/ContentIntroCurve.uasset" 128
"../../../Engine/Content/Tutorial/Basics/TutorialAssets/icon_tab_Levels_40x.uasset" 129
"../../../Engine/Content/Tutorial/BlueprintTutorials/TutorialAssets/BlueprintInterface_64x.uasset" 130
"../../../Engine/Content/Tutorial/BlueprintTutorials/TutorialAssets/BlueprintMacroLibrary_64x.uasset" 131
"../../../Engine/Content/Tutorial/BlueprintTutorials/TutorialAssets/Blueprint_64x.uasset" 132
"../../../Engine/Content/Tutorial/BlueprintTutorials/TutorialAssets/Tutorial_BP_Interface.uasset" 133
"../../../Engine/Content/Tutorial/Foliage/TutorialAssets/Foliage.uasset" 134
"../../../Engine/Content/Tutorial/Landscape/TutorialAssets/Landscape.uasset" 135
"../../../Engine/Content/Tutorial/Paper2D/TutorialAssets/Paper2DFlipbook_TutorialIcon.uasset" 136
"../../../Engine/Content/Tutorial/Paper2D/TutorialAssets/Paper2DSprite_TutorialIcon.uasset" 137
"../../../Engine/Content/Tutorial/SubEditors/TutorialAssets/icon_Editor_Preferences_General_40x.uasset" 138
"../../../Engine/Content/Tutorial/SubEditors/TutorialAssets/icon_ShowSkeletalMeshes_40x.uasset" 139
"../../../Engine/Content/Tutorial/SubEditors/TutorialAssets/TutorialMaterial.uasset" 140
"../../../Engine/Content/Tutorial/SubEditors/TutorialAssets/T_SmokeSubUV_8X8.uasset" 141
"../../../Engine/Content/Tutorial/SubEditors/TutorialAssets/T_soft_smoke.uasset" 142
"../../../Engine/Content/Tutorial/SubEditors/TutorialAssets/M_smoke_subUV_blackbody.uasset" 143
"../../../Engine/Content/Tutorial/SubEditors/TutorialAssets/TutorialParticleSystem.uasset" 144
"../../../Engine/Content/VREditor/Devices/Generic/GenericHMDMaterial.uasset" 145
"../../../Engine/Content/VREditor/Devices/Generic/GenericHMD.uasset" 146
"../../../Engine/Content/Functions/Engine_MaterialFunctions02/Utility/BreakOutFloat3Components.uasset" 147
"../../../Engine/Content/VREditor/Devices/Vive/VivePreController_MasksB.uasset" 148
"../../../Engine/Content/VREditor/Devices/Oculus/OculusControllerMaterial.uasset" 149
"../../../Engine/Content/VREditor/Devices/Oculus/OculusControllerMaterial_Inst.uasset" 150
"../../../Engine/Content/VREditor/Devices/Oculus/OculusControllerMesh.uasset" 151
"../../../Engine/Content/VREditor/Devices/Vive/T_VivePreController_EM.uasset" 152
"../../../Engine/Content/VREditor/Devices/Vive/VivePreController_MasksA.uasset" 153
"../../../Engine/Content/VREditor/Devices/Vive/VivePreControllerDiffuse.uasset" 154
"../../../Engine/Content/VREditor/Devices/Vive/VivePreControllerSpec.uasset" 155
"../../../Engine/Content/VREditor/LaserPointer/VR_LaserPower_01.uasset" 156
"../../../Engine/Content/VREditor/Devices/Vive/VivePreControllerMaterial.uasset" 157
"../../../Engine/Content/VREditor/Devices/Vive/VivePreControllerMaterial_Inst.uasset" 158
"../../../Engine/Content/VREditor/Devices/Vive/VivePreControllerMesh.uasset" 159
"../../../Engine/Content/VREditor/FloatingText/LineMaterial.uasset" 160
"../../../Engine/Content/VREditor/FloatingText/JointSphere.uasset" 161
"../../../Engine/Content/VREditor/FloatingText/LineSegmentCylinder.uasset" 162
"../../../Engine/Content/VREditor/Fonts/VRText_RobotoLarge.uasset" 163
"../../../Engine/Content/VREditor/Fonts/VRTextMaterial.uasset" 164
"../../../Engine/Content/VREditor/Fonts/TranslucentVRTextMaterial.uasset" 165
"../../../Engine/Content/VREditor/LaserPointer/CursorPointer.uasset" 166
"../../../Engine/Content/VREditor/TransformGizmo/TransformGizmoMaterial.uasset" 167
"../../../Engine/Content/VREditor/LaserPointer/HoverMaterial.uasset" 168
"../../../Engine/Content/VREditor/TransformGizmo/TranslucentTransformGizmoMaterial.uasset" 169
"../../../Engine/Content/VREditor/LaserPointer/TranslucentHoverMaterial.uasset" 170
"../../../Engine/Content/VREditor/LaserPointer/HoverMesh.uasset" 171
"../../../Engine/Content/VREditor/LaserPointer/LaserPointerMaterial.uasset" 172
"../../../Engine/Content/VREditor/LaserPointer/LaserPointerMaterialInst.uasset" 173
"../../../Engine/Content/VREditor/LaserPointer/TranslucentLaserPointerMaterialInst.uasset" 174
"../../../Engine/Content/VREditor/LaserPointer/LaserPointerMesh.uasset" 175
"../../../Engine/Content/VREditor/LaserPointer/LaserPointerMesh_End.uasset" 176
"../../../Engine/Content/VREditor/LaserPointer/LaserPointerMesh_Start.uasset" 177
"../../../Engine/Content/VREditor/Sounds/VR_teleport.uasset" 178
"../../../Engine/Content/VREditor/Sounds/UI/Click_on_Button.uasset" 179
"../../../Engine/Content/VREditor/Sounds/UI/Click_on_Button_Cue.uasset" 180
"../../../Engine/Content/VREditor/Sounds/UI/Dockable_Window_Close.uasset" 181
"../../../Engine/Content/VREditor/Sounds/UI/Dockable_Window_Drop.uasset" 182
"../../../Engine/Content/VREditor/Sounds/UI/Dockable_Window_Open.uasset" 183
"../../../Engine/Content/VREditor/Sounds/UI/Dockable_Window_Pick_Up.uasset" 184
"../../../Engine/Content/VREditor/Sounds/UI/Drop_Item_From_ContentBrowser.uasset" 185
"../../../Engine/Content/VREditor/Sounds/UI/Floating_UI_Open-001.uasset" 186
"../../../Engine/Content/VREditor/Sounds/UI/Radial_Menu_FadeOut.uasset" 187
"../../../Engine/Content/VREditor/Sounds/UI/Teleport_Mode_Entered.uasset" 188
"../../../Engine/Content/VREditor/Teleport/TeleportDirectionMaterial.uasset" 189
"../../../Engine/Content/VREditor/Teleport/TeleportDirectionMaterial_Inst.uasset" 190
"../../../Engine/Content/VREditor/Teleport/TeleportDirectionMesh.uasset" 191
"../../../Engine/Content/VREditor/TransformGizmo/BoundingBoxCorner.uasset" 192
"../../../Engine/Content/VREditor/TransformGizmo/BoundingBoxEdge.uasset" 193
"../../../Engine/Content/VREditor/TransformGizmo/PlaneTranslationHandle.uasset" 194
"../../../Engine/Content/VREditor/TransformGizmo/Main.uasset" 195
"../../../Engine/Content/VREditor/TransformGizmo/Xray.uasset" 196
"../../../Engine/Content/VREditor/TransformGizmo/SM_Dialog_Close.uasset" 197
"../../../Engine/Content/VREditor/TransformGizmo/SM_Dialog_Move.uasset" 198
"../../../Engine/Content/VREditor/TransformGizmo/SM_Sequencer_Key.uasset" 199
"../../../Engine/Content/VREditor/TransformGizmo/SM_Sequencer_Node.uasset" 200
"../../../Engine/Content/VREditor/TransformGizmo/TransformGizmoMaterial_Inst.uasset" 201
"../../../Engine/Content/VREditor/TransformGizmo/TranslucentTransformGizmoMaterial_Inst.uasset" 202
"../../../Engine/Content/VREditor/Devices/Vive/UE4_Logo.uasset" 203
"../../../Engine/Content/VREditor/UI/M_ContentWindow.uasset" 204
"../../../Engine/Content/VREditor/UI/SM_ContentWindow_01.uasset" 205
"../../../Engine/Content/VREditor/UI/KeyDiskMaterial.uasset" 206
"../../../Engine/Content/VREditor/UI/DiscMaterial.uasset" 207
"../../../Engine/Content/VREditor/UI/SM_Radial_Disk.uasset" 208
"../../../Engine/Content/VREditor/UI/ArrowMaterial.uasset" 209
"../../../Engine/Content/VREditor/UI/SM_Radial_Pointer.uasset" 210
"../../../Engine/Content/Functions/Engine_MaterialFunctions01/Gradient/RadialGradient.uasset" 211
"../../../Engine/Content/VREditor/WorldMovementGrid/SimpleGrid.uasset" 212
"../../../Engine/Content/VREditor/WorldMovementGrid/GridMaterial.uasset" 213
"../../../Engine/Content/Functions/Engine_MaterialFunctions01/Density/ExponentialDensity.uasset" 214
"../../../Engine/Content/VREditor/WorldMovementGrid/GridPostProcess.uasset" 215
"../../../Engine/Content/EditorLandscapeResources/FlattenHeightMat.uasset" 216
"../../../Engine/Content/VREditor/WorldMovementGrid/PlaneMesh.uasset" 217
"../../Plugins/2D/Paper2D/Content/PlaceholderTextures/DummySpriteTexture.uasset" 218
"../../Plugins/2D/Paper2D/Content/DummySprite.uasset" 219
"../../Plugins/2D/Paper2D/Content/DefaultPaperTerrainMaterial.uasset" 220
"../../Plugins/2D/Paper2D/Content/DefaultSpriteMaterial.uasset" 221
"../../Plugins/2D/Paper2D/Content/MaskedUnlitSpriteMaterial.uasset" 222
"../../Plugins/2D/Paper2D/Content/OpaqueUnlitSpriteMaterial.uasset" 223
"../../Plugins/Media/MediaCompositing/Content/DefaultMediaPlaneTexture.uasset" 224
"../../Plugins/Media/MediaCompositing/Content/DefaultMediaPlaneMaterial.uasset" 225
"../../../Engine/Content/Functions/Engine_MaterialFunctions02/Utility/MakeFloat4.uasset" 226
"../../Plugins/Runtime/AppleARKit/Content/ARKitCameraMaterial.uasset" 227
"../../Plugins/Runtime/Oculus/OculusVR/Content/Textures/GearVRController_AO.uasset" 228
"../../Plugins/Runtime/Oculus/OculusVR/Content/Textures/GearVRController_Color.uasset" 229
"../../Plugins/Runtime/Oculus/OculusVR/Content/Textures/GearVRController_Normal.uasset" 230
"../../Plugins/Runtime/Oculus/OculusVR/Content/Materials/GearVRControllerMaterial.uasset" 231
"../../Plugins/Runtime/Oculus/OculusVR/Content/Meshes/GearVrController.uasset" 232
"../../../../../Documents/Unreal Projects/GitWorkspace/SCP-FL/Content/Blueprints/UI/MainMenu_WB.uasset" 233
"../../../../../Documents/Unreal Projects/GitWorkspace/SCP-FL/Content/Maps/MainMenu.umap" 234
"../../../Engine/Content/EditorBlueprintResources/ActorMacros.uasset" 235
"../../../Engine/Content/EditorBlueprintResources/StandardMacros.uasset" 236
"../../../../../Documents/Unreal Projects/GitWorkspace/SCP-FL/Content/AnimStarterPack/UE4_Mannequin/Mesh/UE4_Mannequin_Skeleton.uasset" 237
"../../../../../Documents/Unreal Projects/GitWorkspace/SCP-FL/Content/AnimStarterPack/Crouch_Idle_Rifle_Hip.uasset" 238
"../../../../../Documents/Unreal Projects/GitWorkspace/SCP-FL/Content/AnimStarterPack/Idle_Rifle_Hip.uasset" 239
"../../../../../Documents/Unreal Projects/GitWorkspace/SCP-FL/Content/AnimStarterPack/Jump_From_Jog.uasset" 240
"../../../../../Documents/Unreal Projects/GitWorkspace/SCP-FL/Content/AnimStarterPack/Jump_From_Stand.uasset" 241
"../../../../../Documents/Unreal Projects/GitWorkspace/SCP-FL/Content/AnimStarterPack/Crouch_Walk_Bwd_Rifle_Hip.uasset" 242
"../../../../../Documents/Unreal Projects/GitWorkspace/SCP-FL/Content/AnimStarterPack/Crouch_Walk_Fwd_Rifle_Hip.uasset" 243
"../../../../../Documents/Unreal Projects/GitWorkspace/SCP-FL/Content/AnimStarterPack/Crouch_Walk_Lt_Rifle_Hip.uasset" 244
"../../../../../Documents/Unreal Projects/GitWorkspace/SCP-FL/Content/AnimStarterPack/Crouch_Walk_Rt_Rifle_Hip.uasset" 245
"../../../../../Documents/Unreal Projects/GitWorkspace/SCP-FL/Content/AnimStarterPack/BS_CrouchWalk.uasset" 246
"../../../../../Documents/Unreal Projects/GitWorkspace/SCP-FL/Content/AnimStarterPack/Jog_Bwd_Rifle.uasset" 247
"../../../../../Documents/Unreal Projects/GitWorkspace/SCP-FL/Content/AnimStarterPack/Jog_Fwd_Rifle.uasset" 248
"../../../../../Documents/Unreal Projects/GitWorkspace/SCP-FL/Content/AnimStarterPack/Jog_Lt_Rifle.uasset" 249
"../../../../../Documents/Unreal Projects/GitWorkspace/SCP-FL/Content/AnimStarterPack/Jog_Rt_Rifle.uasset" 250
"../../../../../Documents/Unreal Projects/GitWorkspace/SCP-FL/Content/AnimStarterPack/BS_Jog.uasset" 251
"../../../Engine/Content/Functions/Engine_MaterialFunctions02/Utility/BlendAngleCorrectedNormals.uasset" 252
"../../../Engine/Content/Functions/MaterialLayerFunctions/MatLayerBlend_AO.uasset" 253
"../../../Engine/Content/Functions/MaterialLayerFunctions/MatLayerBlend_NormalBlend.uasset" 254
"../../../Engine/Content/Functions/MaterialLayerFunctions/MatLayerBlend_Simple.uasset" 255
"../../../../../Documents/Unreal Projects/GitWorkspace/SCP-FL/Content/AnimStarterPack/UE4_Mannequin/Materials/MaterialLayers/T_ML_Rubber_Blue_01_D.uasset" 256
"../../../../../Documents/Unreal Projects/GitWorkspace/SCP-FL/Content/AnimStarterPack/UE4_Mannequin/Materials/MaterialLayers/T_ML_Rubber_Blue_01_N.uasset" 257
"../../../../../Documents/Unreal Projects/GitWorkspace/SCP-FL/Content/AnimStarterPack/UE4_Mannequin/Materials/MaterialLayers/ML_GlossyBlack_Latex_UE4.uasset" 258
"../../../../../Documents/Unreal Projects/GitWorkspace/SCP-FL/Content/AnimStarterPack/UE4_Mannequin/Materials/MaterialLayers/ML_Plastic_Shiny_Beige.uasset" 259
"../../../../../Documents/Unreal Projects/GitWorkspace/SCP-FL/Content/AnimStarterPack/UE4_Mannequin/Textures/UE4_LOGO_CARD.uasset" 260
"../../../../../Documents/Unreal Projects/GitWorkspace/SCP-FL/Content/AnimStarterPack/UE4_Mannequin/Materials/MaterialLayers/ML_Plastic_Shiny_Beige_LOGO.uasset" 261
"../../../../../Documents/Unreal Projects/GitWorkspace/SCP-FL/Content/AnimStarterPack/UE4_Mannequin/Materials/MaterialLayers/T_ML_Aluminum01.uasset" 262
"../../../../../Documents/Unreal Projects/GitWorkspace/SCP-FL/Content/AnimStarterPack/UE4_Mannequin/Materials/MaterialLayers/T_ML_Aluminum01_N.uasset" 263
"../../../../../Documents/Unreal Projects/GitWorkspace/SCP-FL/Content/AnimStarterPack/UE4_Mannequin/Materials/MaterialLayers/ML_SoftMetal_UE4.uasset" 264
"../../../../../Documents/Unreal Projects/GitWorkspace/SCP-FL/Content/AnimStarterPack/UE4_Mannequin/Textures/UE4_Mannequin__normals.uasset" 265
"../../../../../Documents/Unreal Projects/GitWorkspace/SCP-FL/Content/AnimStarterPack/UE4_Mannequin/Textures/UE4_Mannequin_MAT_MASKA.uasset" 266
"../../../../../Documents/Unreal Projects/GitWorkspace/SCP-FL/Content/AnimStarterPack/UE4_Mannequin/Textures/UE4_Mannequin_occlusion_Mobile.uasset" 267
"../../../../../Documents/Unreal Projects/GitWorkspace/SCP-FL/Content/AnimStarterPack/UE4_Mannequin/Materials/M_UE4Man_Body.uasset" 268
"../../../../../Documents/Unreal Projects/GitWorkspace/SCP-FL/Content/AnimStarterPack/UE4_Mannequin/Textures/UE4Man_Logo_N.uasset" 269
"../../../../../Documents/Unreal Projects/GitWorkspace/SCP-FL/Content/AnimStarterPack/UE4_Mannequin/Materials/M_UE4Man_ChestLogo.uasset" 270
"../../../../../Documents/Unreal Projects/GitWorkspace/SCP-FL/Content/AnimStarterPack/UE4_Mannequin/Mesh/SK_Mannequin_PhysicsAsset.uasset" 271
"../../../../../Documents/Unreal Projects/GitWorkspace/SCP-FL/Content/AnimStarterPack/UE4_Mannequin/Mesh/SK_Mannequin.uasset" 272
"../../../../../Documents/Unreal Projects/GitWorkspace/SCP-FL/Content/AnimStarterPack/Ue4ASP_Character.uasset" 273
"../../../../../Documents/Unreal Projects/GitWorkspace/SCP-FL/Content/AnimStarterPack/UE4ASP_HeroTPP_AnimBlueprint.uasset" 274
"../../../../../Documents/Unreal Projects/GitWorkspace/SCP-FL/Content/Blueprints/Characters/PlayableChar_Interface.uasset" 275
"../../../../../Documents/Unreal Projects/GitWorkspace/SCP-FL/Content/Blueprints/Characters/BaseChar.uasset" 276
"../../../Engine/Content/MapTemplates/Materials/BasicAsset01.uasset" 277
"../../../Engine/Content/EngineMeshes/Sphere.uasset" 278
"../../../../../Documents/Unreal Projects/GitWorkspace/SCP-FL/Content/Blueprints/Characters/Humans/Weapons/Projectile_Base.uasset" 279
"../../../Engine/Content/BasicShapes/Cube.uasset" 280
"../../../../../Documents/Unreal Projects/GitWorkspace/SCP-FL/Content/Blueprints/Characters/Humans/Weapons/Weapon_Base.uasset" 281
"../../../../../Documents/Unreal Projects/GitWorkspace/SCP-FL/Content/Blueprints/Characters/Humans/Weapons/SimpleRifle/SimpleRifleProj.uasset" 282
"../../../../../Documents/Unreal Projects/GitWorkspace/SCP-FL/Content/Blueprints/Characters/Humans/Weapons/SimpleRifle/SImpleRifle.uasset" 283
"../../../../../Documents/Unreal Projects/GitWorkspace/SCP-FL/Content/Blueprints/Characters/Human_Char.uasset" 284
"../../../../../Documents/Unreal Projects/GitWorkspace/SCP-FL/Content/Blueprints/Scene/Interactables/Interactable_Interface.uasset" 285
"../../../Engine/Content/EngineMeshes/Cube.uasset" 286
"../../../../../Documents/Unreal Projects/GitWorkspace/SCP-FL/Content/Blueprints/Characters/CharTypes.uasset" 287
"../../../../../Documents/Unreal Projects/GitWorkspace/SCP-FL/Content/Blueprints/Scene/Interactables/InteractableBase.uasset" 288
"../../../../../Documents/Unreal Projects/GitWorkspace/SCP-FL/Content/Blueprints/Characters/Humans/Inventory/ItemTypes.uasset" 289
"../../../../../Documents/Unreal Projects/GitWorkspace/SCP-FL/Content/Blueprints/Characters/Humans/Inventory/Item_Struct.uasset" 290
"../../../../../Documents/Unreal Projects/GitWorkspace/SCP-FL/Content/Blueprints/Scene/Interactables/PickableItem.uasset" 291
"../../../../../Documents/Unreal Projects/GitWorkspace/SCP-FL/Content/Blueprints/Characters/SCP_Char.uasset" 292
"../../../../../Documents/Unreal Projects/GitWorkspace/SCP-FL/Content/Blueprints/Characters/SCP/SCP-173.uasset" 293
"../../../../../Documents/Unreal Projects/GitWorkspace/SCP-FL/Content/Blueprints/SCPFL_GameMode.uasset" 294
"../../../../../Documents/Unreal Projects/GitWorkspace/SCP-FL/Content/Blueprints/UI/Game_UI.uasset" 295
"../../../../../Documents/Unreal Projects/GitWorkspace/SCP-FL/Content/Blueprints/SCPFL_PlayerController.uasset" 296
"../../../../../Documents/Unreal Projects/GitWorkspace/SCP-FL/Content/Blueprints/Scene/Door.uasset" 297
"../../../Engine/Content/BasicShapes/BasicShapeMaterial.uasset" 298
"../../../../../Documents/Unreal Projects/GitWorkspace/SCP-FL/Content/Maps/TestRoom.umap" 299
"../../../../../Documents/Unreal Projects/GitWorkspace/SCP-FL/Content/Maps/TransitionMap.umap" 300
